c:\users\usher\source\repos\helloworld_driver\x64\debug\vc143.pdb
c:\users\usher\source\repos\helloworld_driver\x64\debug\helloworld.obj
c:\users\usher\source\repos\helloworld_driver\x64\debug\helloworld_driver.sys
c:\users\usher\source\repos\helloworld_driver\x64\debug\helloworld_driver.pdb
c:\users\usher\source\repos\helloworld_driver\x64\debug\code.obj
c:\users\usher\source\repos\helloworld_driver\x64\debug\helloworld_driver.inf
c:\users\usher\desktop\kernel\1.ready\helloworld_driver\x64\debug\helloworld_driver.inf
c:\users\usher\desktop\kernel\1.ready\helloworld_driver\x64\debug\code.obj
c:\users\usher\desktop\kernel\1.ready\helloworld_driver\x64\debug\helloworld.obj
c:\users\usher\desktop\kernel\1.ready\helloworld_driver\x64\debug\helloworld_driver.pdb
c:\users\usher\desktop\kernel\1.ready\helloworld_driver\x64\debug\vc143.pdb
c:\users\usher\desktop\kernel\1.ready\helloworld_driver\x64\debug\helloworld_driver.sys
c:\users\usher\desktop\kernel\1.ready\helloworld_driver\x64\debug\hellowor.70f0dcd5.tlog\cl.command.1.tlog
c:\users\usher\desktop\kernel\1.ready\helloworld_driver\x64\debug\hellowor.70f0dcd5.tlog\cl.read.1.tlog
c:\users\usher\desktop\kernel\1.ready\helloworld_driver\x64\debug\hellowor.70f0dcd5.tlog\cl.write.1.tlog
c:\users\usher\desktop\kernel\1.ready\helloworld_driver\x64\debug\hellowor.70f0dcd5.tlog\link.command.1.tlog
c:\users\usher\desktop\kernel\1.ready\helloworld_driver\x64\debug\hellowor.70f0dcd5.tlog\link.read.1.tlog
c:\users\usher\desktop\kernel\1.ready\helloworld_driver\x64\debug\hellowor.70f0dcd5.tlog\link.write.1.tlog
c:\users\usher\desktop\kernel\1.ready\helloworld_driver\x64\debug\hellowor.70f0dcd5.tlog\masm.read.1u.tlog
c:\users\usher\desktop\kernel\1.ready\helloworld_driver\x64\debug\hellowor.70f0dcd5.tlog\masm.write.1u.tlog
c:\users\usher\desktop\kernel\1.ready\helloworld_driver\x64\debug\hellowor.70f0dcd5.tlog\stampinf.command.1.tlog
c:\users\usher\desktop\kernel\1.ready\helloworld_driver\x64\debug\hellowor.70f0dcd5.tlog\stampinf.read.1.tlog
c:\users\usher\desktop\kernel\1.ready\helloworld_driver\x64\debug\hellowor.70f0dcd5.tlog\stampinf.write.1.tlog
